2025-12-09 14:37:58 Startup: app launched.
2025-12-09 14:38:16 Server starting on 127.0.0.1:1885 root=C:\Onedrive\OneDrive - Osbit\Documents\file-web-browser\new
2025-12-09 14:38:50 Server stopped.
2025-12-09 14:38:50 UI loop ended.
2025-12-09 14:38:50 Shutdown.
2025-12-09 14:43:16 Startup: app launched.
2025-12-09 14:43:29 sc.exe: [SC] OpenSCManager FAILED 5:

Access is denied.
2025-12-09 14:43:29 Service create failed. Code=5
2025-12-09 14:43:29 Service install requested. Exit code: 5
2025-12-09 14:43:29 Shutdown.
2025-12-09 14:47:08 Startup: app launched.
2025-12-09 14:47:15 Server starting on 127.0.0.1:1885 root=C:\Onedrive\OneDrive - Osbit\Documents\file-web-browser\new
2025-12-09 14:47:59 Startup: app launched.
2025-12-09 14:48:03 Startup cancelled by user.
2025-12-09 14:48:03 Shutdown.
2025-12-09 14:57:00 Startup: app launched.
2025-12-09 14:57:07 Server starting on 127.0.0.1:1885 root=C:\Onedrive\OneDrive - Osbit\Documents\file-web-browser\new
2025-12-09 15:00:24 Startup: app launched.
2025-12-09 15:00:33 Server starting on 127.0.0.1:1885 root=C:\Onedrive\OneDrive - Osbit\Documents\file-web-browser\new
2025-12-09 15:02:54 Startup: app launched.
2025-12-09 15:02:56 Startup aborted: another instance detected.
2025-12-09 15:02:56 Shutdown.
2025-12-09 15:03:11 Startup: app launched.
2025-12-09 15:03:21 Server starting on 127.0.0.1:1885 root=C:\Onedrive\OneDrive - Osbit\Documents\file-web-browser\new
